<?xml version="1.0" encoding="UTF-8"?>
<!-- Generated by org.testng.reporters.JUnitReportReporter -->
<testsuite hostname="Aayush" failures="0" tests="2" name="com.TestConfiguration.ErrorValidation" time="51.639" errors="0" timestamp="2024-01-05T20:56:08 IST" skipped="0">
  <testcase classname="com.TestConfiguration.ErrorValidation" name="ProductErrorValidationTest" time="36.510"/>
  <system-out/>
  <testcase classname="com.TestConfiguration.ErrorValidation" name="LoginErrorValidationTest" time="15.129"/>
  <system-out/>
</testsuite> <!-- com.TestConfiguration.ErrorValidation -->
