<?xml version="1.0" encoding="UTF-8"?>
<!-- Generated by org.testng.reporters.JUnitReportReporter -->
<testsuite hostname="Aayush" failures="0" tests="1" name="com.StandAloneExtentReport.ExtendReportStandAlone" time="11.638" errors="0" timestamp="2024-01-05T15:49:35 IST" skipped="0">
  <testcase classname="com.StandAloneExtentReport.ExtendReportStandAlone" name="initialDemo" time="11.638"/>
  <system-out/>
</testsuite> <!-- com.StandAloneExtentReport.ExtendReportStandAlone -->
