<?xml version="1.0" encoding="UTF-8"?>
<!-- Generated by org.testng.reporters.JUnitReportReporter -->
<testsuite hostname="Aayush" failures="0" tests="2" name="com.dataProviders.DataProdiverClassMain" time="89.732" errors="0" timestamp="2024-01-05T10:30:13 IST" skipped="0">
  <testcase classname="com.dataProviders.DataProdiverClassMain" name="dataProviderDataMethod" time="46.953"/>
  <system-out/>
  <testcase classname="com.dataProviders.DataProdiverClassMain" name="dataProviderDataMethod" time="42.779"/>
  <system-out/>
</testsuite> <!-- com.dataProviders.DataProdiverClassMain -->
